<?xml version="1.0" encoding="UTF-8"?>
<testsuite name="me.dio.credit.application.system.controller.CustomerResourceTest" tests="1" skipped="0" failures="0" errors="0" timestamp="2023-05-30T00:14:48" hostname="note" time="3.476">
  <properties/>
  <testcase name="should try delete a customer with unexistent id and return bad request()" classname="me.dio.credit.application.system.controller.CustomerResourceTest" time="3.476"/>
  <system-out><![CDATA[21:14:30.948 [Test worker] INFO org.springframework.test.context.support.AnnotationConfigContextLoaderUtils -- Could not detect default configuration classes for test class [me.dio.credit.application.system.controller.CustomerResourceTest]: CustomerResourceTest does not declare any static, non-private, non-final, nested classes annotated with @Configuration.
21:14:31.344 [Test worker] INFO org.springframework.boot.test.context.SpringBootTestContextBootstrapper -- Found @SpringBootConfiguration me.dio.credit.application.system.CreditRequestSystemApplication for test class me.dio.credit.application.system.controller.CustomerResourceTest

  .   ____          _            __ _ _
 /\\ / ___'_ __ _ _(_)_ __  __ _ \ \ \ \
( ( )\___ | '_ | '_| | '_ \/ _` | \ \ \ \
 \\/  ___)| |_)| | | | | || (_| |  ) ) ) )
  '  |____| .__|_| |_|_| |_\__, | / / / /
 =========|_|==============|___/=/_/_/_/
 :: Spring Boot ::                (v3.1.0)

2023-05-29T21:14:32.330-03:00  INFO 9293 --- [    Test worker] m.d.c.a.s.c.CustomerResourceTest         : Starting CustomerResourceTest using Java 17.0.7 with PID 9293 (started by leoparedes in /home/leoparedes/Documents/CURSOS/DIO KOTLIN/WORKSPACE/API REST)
2023-05-29T21:14:32.332-03:00  INFO 9293 --- [    Test worker] m.d.c.a.s.c.CustomerResourceTest         : The following 1 profile is active: "Teste"
2023-05-29T21:14:34.929-03:00  INFO 9293 --- [    Test worker] .s.d.r.c.RepositoryConfigurationDelegate : Bootstrapping Spring Data JPA repositories in DEFAULT mode.
2023-05-29T21:14:35.061-03:00  INFO 9293 --- [    Test worker] .s.d.r.c.RepositoryConfigurationDelegate : Finished Spring Data repository scanning in 116 ms. Found 2 JPA repository interfaces.
2023-05-29T21:14:36.442-03:00  INFO 9293 --- [    Test worker] o.f.c.internal.license.VersionPrinter    : Flyway Community Edition 9.16.3 by Redgate
2023-05-29T21:14:36.442-03:00  INFO 9293 --- [    Test worker] o.f.c.internal.license.VersionPrinter    : See release notes here: https://rd.gt/416ObMi
2023-05-29T21:14:36.443-03:00  INFO 9293 --- [    Test worker] o.f.c.internal.license.VersionPrinter    : 
2023-05-29T21:14:36.474-03:00  INFO 9293 --- [    Test worker] com.zaxxer.hikari.HikariDataSource       : HikariPool-1 - Starting...
2023-05-29T21:14:37.081-03:00  INFO 9293 --- [    Test worker] com.zaxxer.hikari.pool.HikariPool        : HikariPool-1 - Added connection conn0: url=jdbc:h2:mem:credit_application_system_db user=ADMIN
2023-05-29T21:14:37.086-03:00  INFO 9293 --- [    Test worker] com.zaxxer.hikari.HikariDataSource       : HikariPool-1 - Start completed.
2023-05-29T21:14:37.118-03:00  INFO 9293 --- [    Test worker] o.f.c.i.database.base.BaseDatabaseType   : Database: jdbc:h2:mem:credit_application_system_db (H2 2.1)
2023-05-29T21:14:37.267-03:00  INFO 9293 --- [    Test worker] o.f.c.i.s.JdbcTableSchemaHistory         : Schema history table "PUBLIC"."flyway_schema_history" does not exist yet
2023-05-29T21:14:37.277-03:00  INFO 9293 --- [    Test worker] o.f.core.internal.command.DbValidate     : Successfully validated 3 migrations (execution time 00:00.033s)
2023-05-29T21:14:37.293-03:00  INFO 9293 --- [    Test worker] o.f.c.i.s.JdbcTableSchemaHistory         : Creating Schema History table "PUBLIC"."flyway_schema_history" ...
2023-05-29T21:14:37.359-03:00  INFO 9293 --- [    Test worker] o.f.core.internal.command.DbMigrate      : Current version of schema "PUBLIC": << Empty Schema >>
2023-05-29T21:14:37.375-03:00  INFO 9293 --- [    Test worker] o.f.core.internal.command.DbMigrate      : Migrating schema "PUBLIC" to version "1 - create table customer"
2023-05-29T21:14:37.415-03:00  INFO 9293 --- [    Test worker] o.f.core.internal.command.DbMigrate      : Migrating schema "PUBLIC" to version "2 - create table credit"
2023-05-29T21:14:37.455-03:00  INFO 9293 --- [    Test worker] o.f.core.internal.command.DbMigrate      : Migrating schema "PUBLIC" to version "3 - add table customer"
2023-05-29T21:14:37.498-03:00  INFO 9293 --- [    Test worker] o.f.core.internal.command.DbMigrate      : Successfully applied 3 migrations to schema "PUBLIC", now at version v3 (execution time 00:00.145s)
2023-05-29T21:14:37.912-03:00  INFO 9293 --- [    Test worker] o.hibernate.jpa.internal.util.LogHelper  : HHH000204: Processing PersistenceUnitInfo [name: default]
2023-05-29T21:14:38.050-03:00  INFO 9293 --- [    Test worker] org.hibernate.Version                    : HHH000412: Hibernate ORM core version 6.2.2.Final
2023-05-29T21:14:38.056-03:00  INFO 9293 --- [    Test worker] org.hibernate.cfg.Environment            : HHH000406: Using bytecode reflection optimizer
2023-05-29T21:14:38.452-03:00  INFO 9293 --- [    Test worker] o.h.b.i.BytecodeProviderInitiator        : HHH000021: Bytecode provider name : bytebuddy
2023-05-29T21:14:38.963-03:00  INFO 9293 --- [    Test worker] o.s.o.j.p.SpringPersistenceUnitInfo      : No LoadTimeWeaver setup: ignoring JPA class transformer
2023-05-29T21:14:39.093-03:00  INFO 9293 --- [    Test worker] org.hibernate.orm.dialect                : HHH035001: Using dialect: org.hibernate.dialect.H2Dialect, version: 2.1.214
2023-05-29T21:14:39.832-03:00  INFO 9293 --- [    Test worker] o.h.b.i.BytecodeProviderInitiator        : HHH000021: Bytecode provider name : bytebuddy
2023-05-29T21:14:41.466-03:00  INFO 9293 --- [    Test worker] o.h.e.t.j.p.i.JtaPlatformInitiator       : HHH000490: Using JtaPlatform implementation: [org.hibernate.engine.transaction.jta.platform.internal.NoJtaPlatform]
2023-05-29T21:14:41.473-03:00  INFO 9293 --- [    Test worker] j.LocalContainerEntityManagerFactoryBean : Initialized JPA EntityManagerFactory for persistence unit 'default'
2023-05-29T21:14:44.444-03:00  INFO 9293 --- [    Test worker] o.s.d.j.r.query.QueryEnhancerFactory     : Hibernate is in classpath; If applicable, HQL parser will be used.
2023-05-29T21:14:45.758-03:00  WARN 9293 --- [    Test worker] JpaBaseConfiguration$JpaWebConfiguration : spring.jpa.open-in-view is enabled by default. Therefore, database queries may be performed during view rendering. Explicitly configure spring.jpa.open-in-view to disable this warning
2023-05-29T21:14:47.695-03:00  INFO 9293 --- [    Test worker] o.s.b.a.h2.H2ConsoleAutoConfiguration    : H2 console available at '/h2-console'. Database available at 'jdbc:h2:mem:credit_application_system_db'
2023-05-29T21:14:47.787-03:00  INFO 9293 --- [    Test worker] o.s.b.t.m.w.SpringBootMockServletContext : Initializing Spring TestDispatcherServlet ''
2023-05-29T21:14:47.789-03:00  INFO 9293 --- [    Test worker] o.s.t.web.servlet.TestDispatcherServlet  : Initializing Servlet ''
2023-05-29T21:14:47.797-03:00  INFO 9293 --- [    Test worker] o.s.t.web.servlet.TestDispatcherServlet  : Completed initialization in 2 ms
2023-05-29T21:14:47.943-03:00  INFO 9293 --- [    Test worker] m.d.c.a.s.c.CustomerResourceTest         : Started CustomerResourceTest in 16.279 seconds (process running for 20.386)
Hibernate: 
    select
        c1_0.id,
        c1_0.street,
        c1_0.zip_code,
        c1_0.cpf,
        c1_0.email,
        c1_0.first_name,
        c1_0.income,
        c1_0.last_name,
        c1_0.password 
    from
        customer c1_0
Hibernate: 
    select
        c1_0.id,
        c1_0.street,
        c1_0.zip_code,
        c1_0.cpf,
        c1_0.email,
        c1_0.first_name,
        c1_0.income,
        c1_0.last_name,
        c1_0.password 
    from
        customer c1_0 
    where
        c1_0.id=?

MockHttpServletRequest:
      HTTP Method = DELETE
      Request URI = /api/customer/1
       Parameters = {}
          Headers = [Accept:"application/json"]
             Body = null
    Session Attrs = {}

Handler:
             Type = me.dio.credit.application.system.controller.CustomerResource
           Method = me.dio.credit.application.system.controller.CustomerResource#deleteCustomer(long)

Async:
    Async started = false
     Async result = null

Resolved Exception:
             Type = me.dio.credit.application.system.exception.BusinessException

ModelAndView:
        View name = null
             View = null
            Model = null

FlashMap:
       Attributes = null

MockHttpServletResponse:
           Status = 400
    Error message = null
          Headers = [Content-Type:"application/json"]
     Content type = application/json
             Body = {"title":"Bad Request! Consul the documentation","timeStamp":"2023-05-29T21:14:50.715296863","status":400,"exception":"class me.dio.credit.application.system.exception.BusinessException","details":{"null":"Id 1 not found"}}
    Forwarded URL = null
   Redirected URL = null
          Cookies = []
Hibernate: 
    select
        c1_0.id,
        c1_0.street,
        c1_0.zip_code,
        c1_0.cpf,
        c1_0.email,
        c1_0.first_name,
        c1_0.income,
        c1_0.last_name,
        c1_0.password 
    from
        customer c1_0
]]></system-out>
  <system-err><![CDATA[]]></system-err>
</testsuite>
