<?xml version="1.0" encoding="UTF-8"?>
<testsuite name="me.dio.credit.application.system.service.CreditServiceTest" tests="1" skipped="0" failures="0" errors="0" timestamp="2023-06-06T19:59:34" hostname="leonardo-hppavilion" time="1.047">
  <properties/>
  <testcase name="should find a credit by creditCode and customer id()" classname="me.dio.credit.application.system.service.CreditServiceTest" time="1.047"/>
  <system-out><![CDATA[]]></system-out>
  <system-err><![CDATA[]]></system-err>
</testsuite>
